[transformers] The fast path is not available because one of the required library is not installed. Falling back to torch implementation. To install follow https://github.com/fla-org/flash-linear-attention#installation and https://github.com/Dao-AILab/causal-conv1d
Loading weights:   0%|          | 0/320 [00:00<?, ?it/s]Loading weights:   0%|          | 1/320 [00:00<00:33,  9.48it/s]Loading weights:  29%|##9       | 93/320 [00:00<00:00, 531.06it/s]Loading weights:  57%|#####7    | 184/320 [00:00<00:00, 699.36it/s]Loading weights:  80%|#######9  | 255/320 [00:00<00:00, 692.16it/s]Loading weights: 100%|##########| 320/320 [00:00<00:00, 624.57it/s]
========= OPTUNA HYPERPARAMETER OPTIMIZATION =========
model_path=model
prompt_file=/workspace/Aspect-Based-Sentiment-Analysis-with-LLMs/distribucio-codi-i-dades-12-03-26/ABSA/prompts/absa_v6.json
data=/workspace/Aspect-Based-Sentiment-Analysis-with-LLMs/distribucio-codi-i-dades-12-03-26/ABSA/dataset/devel.json
examples=132
n_trials=30
torch_version=2.12.0.dev20260408+cu128
torch_cuda_version=12.8
cuda_available=True
log_path=/workspace/Aspect-Based-Sentiment-Analysis-with-LLMs/distribucio-codi-i-dades-12-03-26/ABSA/outputs/optuna/optuna_absa_v6_best_region.run.log
============================================================
  0%|          | 0/30 [00:00<?, ?it/s]Trial 0: {'temperature': 0.65, 'top_p': 0.75, 'top_k': 20, 'min_p': 0.0, 'presence_penalty': 2.0, 'repetition_penalty': 1.0, 'max_new_tokens': 512}
  -> f1_macro=65.74%, f1_micro=67.63%, score=67.16
                                      [32m[I 2026-05-10 23:09:49,472][0m Trial 0 finished with value: 67.15564186255816 and parameters: {'temperature': 0.65, 'top_p': 0.75, 'top_k': 20, 'presence_penalty': 2.0}. Best is trial 0 with value: 67.15564186255816.[0m
  0%|          | 0/30 [01:33<?, ?it/s]Best trial: 0. Best value: 67.1556:   0%|          | 0/30 [01:33<?, ?it/s]Best trial: 0. Best value: 67.1556:   3%|3         | 1/30 [01:33<45:24, 93.94s/it]Trial 1: {'temperature': 0.7, 'top_p': 0.8, 'top_k': 20, 'min_p': 0.0, 'presence_penalty': 1.8, 'repetition_penalty': 1.0, 'max_new_tokens': 512}
  -> f1_macro=67.20%, f1_micro=67.61%, score=67.50
                                                                                  [32m[I 2026-05-10 23:11:26,055][0m Trial 1 finished with value: 67.50475226627596 and parameters: {'temperature': 0.7, 'top_p': 0.8, 'top_k': 20, 'presence_penalty': 1.8}. Best is trial 1 with value: 67.50475226627596.[0m
Best trial: 0. Best value: 67.1556:   3%|3         | 1/30 [03:10<45:24, 93.94s/it]Best trial: 1. Best value: 67.5048:   3%|3         | 1/30 [03:10<45:24, 93.94s/it]Best trial: 1. Best value: 67.5048:   7%|6         | 2/30 [03:10<44:33, 95.49s/it]Trial 2: {'temperature': 0.7, 'top_p': 0.8, 'top_k': 20, 'min_p': 0.0, 'presence_penalty': 2.0, 'repetition_penalty': 1.0, 'max_new_tokens': 512}
  -> f1_macro=67.31%, f1_micro=68.26%, score=68.02
                                                                                  [32m[I 2026-05-10 23:13:00,395][0m Trial 2 finished with value: 68.02157018818716 and parameters: {'temperature': 0.7, 'top_p': 0.8, 'top_k': 20, 'presence_penalty': 2.0}. Best is trial 2 with value: 68.02157018818716.[0m
Best trial: 1. Best value: 67.5048:   7%|6         | 2/30 [04:44<44:33, 95.49s/it]Best trial: 2. Best value: 68.0216:   7%|6         | 2/30 [04:44<44:33, 95.49s/it]Best trial: 2. Best value: 68.0216:  10%|#         | 3/30 [04:44<42:44, 94.97s/it]Trial 3: {'temperature': 0.7, 'top_p': 0.75, 'top_k': 20, 'min_p': 0.0, 'presence_penalty': 2.0, 'repetition_penalty': 1.0, 'max_new_tokens': 512}
  -> f1_macro=64.62%, f1_micro=65.79%, score=65.50
                                                                                  [32m[I 2026-05-10 23:14:34,245][0m Trial 3 finished with value: 65.49635610490873 and parameters: {'temperature': 0.7, 'top_p': 0.75, 'top_k': 20, 'presence_penalty': 2.0}. Best is trial 2 with value: 68.02157018818716.[0m
Best trial: 2. Best value: 68.0216:  10%|#         | 3/30 [06:18<42:44, 94.97s/it]Best trial: 2. Best value: 68.0216:  10%|#         | 3/30 [06:18<42:44, 94.97s/it]Best trial: 2. Best value: 68.0216:  13%|#3        | 4/30 [06:18<40:57, 94.53s/it]Trial 4: {'temperature': 0.7, 'top_p': 0.8, 'top_k': 30, 'min_p': 0.0, 'presence_penalty': 2.0, 'repetition_penalty': 1.0, 'max_new_tokens': 512}
  -> f1_macro=65.84%, f1_micro=66.35%, score=66.22
                                                                                  [32m[I 2026-05-10 23:16:08,046][0m Trial 4 finished with value: 66.2216553821853 and parameters: {'temperature': 0.7, 'top_p': 0.8, 'top_k': 30, 'presence_penalty': 2.0}. Best is trial 2 with value: 68.02157018818716.[0m
Best trial: 2. Best value: 68.0216:  13%|#3        | 4/30 [07:52<40:57, 94.53s/it]Best trial: 2. Best value: 68.0216:  13%|#3        | 4/30 [07:52<40:57, 94.53s/it]Best trial: 2. Best value: 68.0216:  17%|#6        | 5/30 [07:52<39:16, 94.26s/it]Trial 5: {'temperature': 0.62, 'top_p': 0.75, 'top_k': 15, 'min_p': 0.0, 'presence_penalty': 2.2, 'repetition_penalty': 1.0, 'max_new_tokens': 512}
  -> f1_macro=66.03%, f1_micro=67.31%, score=66.99
                                                                                  [32m[I 2026-05-10 23:17:41,189][0m Trial 5 finished with value: 66.99306451691712 and parameters: {'temperature': 0.62, 'top_p': 0.75, 'top_k': 15, 'presence_penalty': 2.2}. Best is trial 2 with value: 68.02157018818716.[0m
Best trial: 2. Best value: 68.0216:  17%|#6        | 5/30 [09:25<39:16, 94.26s/it]Best trial: 2. Best value: 68.0216:  17%|#6        | 5/30 [09:25<39:16, 94.26s/it]Best trial: 2. Best value: 68.0216:  20%|##        | 6/30 [09:25<37:33, 93.88s/it]Trial 6: {'temperature': 0.7, 'top_p': 0.8, 'top_k': 25, 'min_p': 0.0, 'presence_penalty': 1.9, 'repetition_penalty': 1.0, 'max_new_tokens': 512}
  -> f1_macro=66.32%, f1_micro=66.67%, score=66.58
                                                                                  [32m[I 2026-05-10 23:19:14,747][0m Trial 6 finished with value: 66.57999828454373 and parameters: {'temperature': 0.7, 'top_p': 0.8, 'top_k': 25, 'presence_penalty': 1.9}. Best is trial 2 with value: 68.02157018818716.[0m
Best trial: 2. Best value: 68.0216:  20%|##        | 6/30 [10:59<37:33, 93.88s/it]Best trial: 2. Best value: 68.0216:  20%|##        | 6/30 [10:59<37:33, 93.88s/it]Best trial: 2. Best value: 68.0216:  23%|##3       | 7/30 [10:59<35:56, 93.78s/it]Trial 7: {'temperature': 0.62, 'top_p': 0.78, 'top_k': 25, 'min_p': 0.0, 'presence_penalty': 2.2, 'repetition_penalty': 1.0, 'max_new_tokens': 512}
  -> f1_macro=65.29%, f1_micro=66.42%, score=66.14
                                                                                  [32m[I 2026-05-10 23:20:45,828][0m Trial 7 finished with value: 66.13911910034903 and parameters: {'temperature': 0.62, 'top_p': 0.78, 'top_k': 25, 'presence_penalty': 2.2}. Best is trial 2 with value: 68.02157018818716.[0m
Best trial: 2. Best value: 68.0216:  23%|##3       | 7/30 [12:30<35:56, 93.78s/it]Best trial: 2. Best value: 68.0216:  23%|##3       | 7/30 [12:30<35:56, 93.78s/it]Best trial: 2. Best value: 68.0216:  27%|##6       | 8/30 [12:30<34:04, 92.92s/it]Trial 8: {'temperature': 0.7, 'top_p': 0.72, 'top_k': 25, 'min_p': 0.0, 'presence_penalty': 1.9, 'repetition_penalty': 1.0, 'max_new_tokens': 512}
  -> f1_macro=65.57%, f1_micro=66.59%, score=66.33
                                                                                  [32m[I 2026-05-10 23:22:19,754][0m Trial 8 finished with value: 66.33277901564136 and parameters: {'temperature': 0.7, 'top_p': 0.72, 'top_k': 25, 'presence_penalty': 1.9}. Best is trial 2 with value: 68.02157018818716.[0m
Best trial: 2. Best value: 68.0216:  27%|##6       | 8/30 [14:04<34:04, 92.92s/it]Best trial: 2. Best value: 68.0216:  27%|##6       | 8/30 [14:04<34:04, 92.92s/it]Best trial: 2. Best value: 68.0216:  30%|###       | 9/30 [14:04<32:37, 93.23s/it]Trial 9: {'temperature': 0.7, 'top_p': 0.82, 'top_k': 20, 'min_p': 0.0, 'presence_penalty': 2.2, 'repetition_penalty': 1.0, 'max_new_tokens': 512}
  -> f1_macro=65.28%, f1_micro=65.36%, score=65.34
                                                                                  [32m[I 2026-05-10 23:23:50,964][0m Trial 9 finished with value: 65.34079256261296 and parameters: {'temperature': 0.7, 'top_p': 0.82, 'top_k': 20, 'presence_penalty': 2.2}. Best is trial 2 with value: 68.02157018818716.[0m
Best trial: 2. Best value: 68.0216:  30%|###       | 9/30 [15:35<32:37, 93.23s/it]Best trial: 2. Best value: 68.0216:  30%|###       | 9/30 [15:35<32:37, 93.23s/it]Best trial: 2. Best value: 68.0216:  33%|###3      | 10/30 [15:35<30:52, 92.61s/it]Trial 10: {'temperature': 0.68, 'top_p': 0.72, 'top_k': 30, 'min_p': 0.0, 'presence_penalty': 1.7, 'repetition_penalty': 1.0, 'max_new_tokens': 512}
  -> f1_macro=67.54%, f1_micro=68.65%, score=68.38
                                                                                   [32m[I 2026-05-10 23:25:25,272][0m Trial 10 finished with value: 68.37560941364171 and parameters: {'temperature': 0.68, 'top_p': 0.72, 'top_k': 30, 'presence_penalty': 1.7}. Best is trial 10 with value: 68.37560941364171.[0m
Best trial: 2. Best value: 68.0216:  33%|###3      | 10/30 [17:09<30:52, 92.61s/it]Best trial: 10. Best value: 68.3756:  33%|###3      | 10/30 [17:09<30:52, 92.61s/it]Best trial: 10. Best value: 68.3756:  37%|###6      | 11/30 [17:09<29:29, 93.13s/it]Trial 11: {'temperature': 0.68, 'top_p': 0.72, 'top_k': 30, 'min_p': 0.0, 'presence_penalty': 1.7, 'repetition_penalty': 1.0, 'max_new_tokens': 512}
  -> f1_macro=66.11%, f1_micro=67.70%, score=67.30
                                                                                    [32m[I 2026-05-10 23:27:02,030][0m Trial 11 finished with value: 67.29899455755101 and parameters: {'temperature': 0.68, 'top_p': 0.72, 'top_k': 30, 'presence_penalty': 1.7}. Best is trial 10 with value: 68.37560941364171.[0m
Best trial: 10. Best value: 68.3756:  37%|###6      | 11/30 [18:46<29:29, 93.13s/it]Best trial: 10. Best value: 68.3756:  37%|###6      | 11/30 [18:46<29:29, 93.13s/it]Best trial: 10. Best value: 68.3756:  40%|####      | 12/30 [18:46<28:16, 94.23s/it]Trial 12: {'temperature': 0.72, 'top_p': 0.72, 'top_k': 30, 'min_p': 0.0, 'presence_penalty': 1.7, 'repetition_penalty': 1.0, 'max_new_tokens': 512}
  -> f1_macro=66.44%, f1_micro=67.13%, score=66.96
                                                                                    [32m[I 2026-05-10 23:28:39,485][0m Trial 12 finished with value: 66.96059743906633 and parameters: {'temperature': 0.72, 'top_p': 0.72, 'top_k': 30, 'presence_penalty': 1.7}. Best is trial 10 with value: 68.37560941364171.[0m
Best trial: 10. Best value: 68.3756:  40%|####      | 12/30 [20:23<28:16, 94.23s/it]Best trial: 10. Best value: 68.3756:  40%|####      | 12/30 [20:23<28:16, 94.23s/it]Best trial: 10. Best value: 68.3756:  43%|####3     | 13/30 [20:23<26:58, 95.21s/it]Trial 13: {'temperature': 0.6, 'top_p': 0.78, 'top_k': 15, 'min_p': 0.0, 'presence_penalty': 2.1, 'repetition_penalty': 1.0, 'max_new_tokens': 512}
  -> f1_macro=65.54%, f1_micro=66.50%, score=66.26
                                                                                    [32m[I 2026-05-10 23:30:11,588][0m Trial 13 finished with value: 66.26343338308254 and parameters: {'temperature': 0.6, 'top_p': 0.78, 'top_k': 15, 'presence_penalty': 2.1}. Best is trial 10 with value: 68.37560941364171.[0m
Best trial: 10. Best value: 68.3756:  43%|####3     | 13/30 [21:56<26:58, 95.21s/it]Best trial: 10. Best value: 68.3756:  43%|####3     | 13/30 [21:56<26:58, 95.21s/it]Best trial: 10. Best value: 68.3756:  47%|####6     | 14/30 [21:56<25:08, 94.27s/it]Trial 14: {'temperature': 0.68, 'top_p': 0.82, 'top_k': 30, 'min_p': 0.0, 'presence_penalty': 1.7, 'repetition_penalty': 1.0, 'max_new_tokens': 512}
  -> f1_macro=64.94%, f1_micro=65.80%, score=65.58
                                                                                    [32m[I 2026-05-10 23:31:46,754][0m Trial 14 finished with value: 65.58215100498084 and parameters: {'temperature': 0.68, 'top_p': 0.82, 'top_k': 30, 'presence_penalty': 1.7}. Best is trial 10 with value: 68.37560941364171.[0m
Best trial: 10. Best value: 68.3756:  47%|####6     | 14/30 [23:31<25:08, 94.27s/it]Best trial: 10. Best value: 68.3756:  47%|####6     | 14/30 [23:31<25:08, 94.27s/it]Best trial: 10. Best value: 68.3756:  50%|#####     | 15/30 [23:31<23:38, 94.54s/it]Trial 15: {'temperature': 0.68, 'top_p': 0.72, 'top_k': 20, 'min_p': 0.0, 'presence_penalty': 1.8, 'repetition_penalty': 1.0, 'max_new_tokens': 512}
  -> f1_macro=68.36%, f1_micro=68.96%, score=68.81
                                                                                    [32m[I 2026-05-10 23:33:21,811][0m Trial 15 finished with value: 68.80881114333827 and parameters: {'temperature': 0.68, 'top_p': 0.72, 'top_k': 20, 'presence_penalty': 1.8}. Best is trial 15 with value: 68.80881114333827.[0m
Best trial: 10. Best value: 68.3756:  50%|#####     | 15/30 [25:06<23:38, 94.54s/it]Best trial: 15. Best value: 68.8088:  50%|#####     | 15/30 [25:06<23:38, 94.54s/it]Best trial: 15. Best value: 68.8088:  53%|#####3    | 16/30 [25:06<22:05, 94.70s/it]Trial 16: {'temperature': 0.68, 'top_p': 0.72, 'top_k': 30, 'min_p': 0.0, 'presence_penalty': 1.8, 'repetition_penalty': 1.0, 'max_new_tokens': 512}
  -> f1_macro=65.54%, f1_micro=66.43%, score=66.21
                                                                                    [32m[I 2026-05-10 23:34:57,831][0m Trial 16 finished with value: 66.2090985835005 and parameters: {'temperature': 0.68, 'top_p': 0.72, 'top_k': 30, 'presence_penalty': 1.8}. Best is trial 15 with value: 68.80881114333827.[0m
Best trial: 15. Best value: 68.8088:  53%|#####3    | 16/30 [26:42<22:05, 94.70s/it]Best trial: 15. Best value: 68.8088:  53%|#####3    | 16/30 [26:42<22:05, 94.70s/it]Best trial: 15. Best value: 68.8088:  57%|#####6    | 17/30 [26:42<20:36, 95.09s/it]Trial 17: {'temperature': 0.68, 'top_p': 0.72, 'top_k': 15, 'min_p': 0.0, 'presence_penalty': 1.8, 'repetition_penalty': 1.0, 'max_new_tokens': 512}
  -> f1_macro=66.66%, f1_micro=68.02%, score=67.68
                                                                                    [32m[I 2026-05-10 23:36:32,398][0m Trial 17 finished with value: 67.6802622420571 and parameters: {'temperature': 0.68, 'top_p': 0.72, 'top_k': 15, 'presence_penalty': 1.8}. Best is trial 15 with value: 68.80881114333827.[0m
Best trial: 15. Best value: 68.8088:  57%|#####6    | 17/30 [28:16<20:36, 95.09s/it]Best trial: 15. Best value: 68.8088:  57%|#####6    | 17/30 [28:16<20:36, 95.09s/it]Best trial: 15. Best value: 68.8088:  60%|######    | 18/30 [28:16<18:59, 94.94s/it]Trial 18: {'temperature': 0.68, 'top_p': 0.72, 'top_k': 20, 'min_p': 0.0, 'presence_penalty': 2.1, 'repetition_penalty': 1.0, 'max_new_tokens': 512}
  -> f1_macro=67.70%, f1_micro=67.87%, score=67.83
                                                                                    [32m[I 2026-05-10 23:38:05,745][0m Trial 18 finished with value: 67.82711658562903 and parameters: {'temperature': 0.68, 'top_p': 0.72, 'top_k': 20, 'presence_penalty': 2.1}. Best is trial 15 with value: 68.80881114333827.[0m
Best trial: 15. Best value: 68.8088:  60%|######    | 18/30 [29:50<18:59, 94.94s/it]Best trial: 15. Best value: 68.8088:  60%|######    | 18/30 [29:50<18:59, 94.94s/it]Best trial: 15. Best value: 68.8088:  63%|######3   | 19/30 [29:50<17:19, 94.46s/it]Trial 19: {'temperature': 0.6, 'top_p': 0.72, 'top_k': 30, 'min_p': 0.0, 'presence_penalty': 1.8, 'repetition_penalty': 1.0, 'max_new_tokens': 512}
  -> f1_macro=65.69%, f1_micro=66.90%, score=66.60
                                                                                    [32m[I 2026-05-10 23:39:40,517][0m Trial 19 finished with value: 66.60049486561942 and parameters: {'temperature': 0.6, 'top_p': 0.72, 'top_k': 30, 'presence_penalty': 1.8}. Best is trial 15 with value: 68.80881114333827.[0m
Best trial: 15. Best value: 68.8088:  63%|######3   | 19/30 [31:24<17:19, 94.46s/it]Best trial: 15. Best value: 68.8088:  63%|######3   | 19/30 [31:24<17:19, 94.46s/it]Best trial: 15. Best value: 68.8088:  67%|######6   | 20/30 [31:24<15:45, 94.55s/it]Trial 20: {'temperature': 0.72, 'top_p': 0.72, 'top_k': 30, 'min_p': 0.0, 'presence_penalty': 1.7, 'repetition_penalty': 1.0, 'max_new_tokens': 512}
  -> f1_macro=65.69%, f1_micro=67.38%, score=66.95
                                                                                    [32m[I 2026-05-10 23:41:15,951][0m Trial 20 finished with value: 66.95498677123435 and parameters: {'temperature': 0.72, 'top_p': 0.72, 'top_k': 30, 'presence_penalty': 1.7}. Best is trial 15 with value: 68.80881114333827.[0m
Best trial: 15. Best value: 68.8088:  67%|######6   | 20/30 [33:00<15:45, 94.55s/it]Best trial: 15. Best value: 68.8088:  67%|######6   | 20/30 [33:00<15:45, 94.55s/it]Best trial: 15. Best value: 68.8088:  70%|#######   | 21/30 [33:00<14:13, 94.82s/it]Trial 21: {'temperature': 0.65, 'top_p': 0.8, 'top_k': 20, 'min_p': 0.0, 'presence_penalty': 1.7, 'repetition_penalty': 1.0, 'max_new_tokens': 512}
  -> f1_macro=67.40%, f1_micro=68.33%, score=68.10
                                                                                    [32m[I 2026-05-10 23:42:51,420][0m Trial 21 finished with value: 68.0950804395887 and parameters: {'temperature': 0.65, 'top_p': 0.8, 'top_k': 20, 'presence_penalty': 1.7}. Best is trial 15 with value: 68.80881114333827.[0m
Best trial: 15. Best value: 68.8088:  70%|#######   | 21/30 [34:35<14:13, 94.82s/it]Best trial: 15. Best value: 68.8088:  70%|#######   | 21/30 [34:35<14:13, 94.82s/it]Best trial: 15. Best value: 68.8088:  73%|#######3  | 22/30 [34:35<12:40, 95.01s/it]Trial 22: {'temperature': 0.65, 'top_p': 0.8, 'top_k': 20, 'min_p': 0.0, 'presence_penalty': 1.7, 'repetition_penalty': 1.0, 'max_new_tokens': 512}
  -> f1_macro=65.21%, f1_micro=65.42%, score=65.37
                                                                                    [32m[I 2026-05-10 23:44:28,788][0m Trial 22 finished with value: 65.37203814977917 and parameters: {'temperature': 0.65, 'top_p': 0.8, 'top_k': 20, 'presence_penalty': 1.7}. Best is trial 15 with value: 68.80881114333827.[0m
Best trial: 15. Best value: 68.8088:  73%|#######3  | 22/30 [36:13<12:40, 95.01s/it]Best trial: 15. Best value: 68.8088:  73%|#######3  | 22/30 [36:13<12:40, 95.01s/it]Best trial: 15. Best value: 68.8088:  77%|#######6  | 23/30 [36:13<11:10, 95.72s/it]Trial 23: {'temperature': 0.65, 'top_p': 0.82, 'top_k': 20, 'min_p': 0.0, 'presence_penalty': 1.7, 'repetition_penalty': 1.0, 'max_new_tokens': 512}
  -> f1_macro=64.28%, f1_micro=65.12%, score=64.91
                                                                                    [32m[I 2026-05-10 23:46:06,646][0m Trial 23 finished with value: 64.90762667956113 and parameters: {'temperature': 0.65, 'top_p': 0.82, 'top_k': 20, 'presence_penalty': 1.7}. Best is trial 15 with value: 68.80881114333827.[0m
Best trial: 15. Best value: 68.8088:  77%|#######6  | 23/30 [37:51<11:10, 95.72s/it]Best trial: 15. Best value: 68.8088:  77%|#######6  | 23/30 [37:51<11:10, 95.72s/it]Best trial: 15. Best value: 68.8088:  80%|########  | 24/30 [37:51<09:38, 96.36s/it]Trial 24: {'temperature': 0.65, 'top_p': 0.78, 'top_k': 20, 'min_p': 0.0, 'presence_penalty': 1.7, 'repetition_penalty': 1.0, 'max_new_tokens': 512}
  -> f1_macro=66.58%, f1_micro=67.44%, score=67.23
                                                                                    [32m[I 2026-05-10 23:47:43,650][0m Trial 24 finished with value: 67.22533432232166 and parameters: {'temperature': 0.65, 'top_p': 0.78, 'top_k': 20, 'presence_penalty': 1.7}. Best is trial 15 with value: 68.80881114333827.[0m
Best trial: 15. Best value: 68.8088:  80%|########  | 24/30 [39:28<09:38, 96.36s/it]Best trial: 15. Best value: 68.8088:  80%|########  | 24/30 [39:28<09:38, 96.36s/it]Best trial: 15. Best value: 68.8088:  83%|########3 | 25/30 [39:28<08:02, 96.55s/it]Trial 25: {'temperature': 0.68, 'top_p': 0.8, 'top_k': 20, 'min_p': 0.0, 'presence_penalty': 1.8, 'repetition_penalty': 1.0, 'max_new_tokens': 512}
  -> f1_macro=64.74%, f1_micro=65.97%, score=65.66
                                                                                    [32m[I 2026-05-10 23:49:22,567][0m Trial 25 finished with value: 65.66136361175163 and parameters: {'temperature': 0.68, 'top_p': 0.8, 'top_k': 20, 'presence_penalty': 1.8}. Best is trial 15 with value: 68.80881114333827.[0m
Best trial: 15. Best value: 68.8088:  83%|########3 | 25/30 [41:07<08:02, 96.55s/it]Best trial: 15. Best value: 68.8088:  83%|########3 | 25/30 [41:07<08:02, 96.55s/it]Best trial: 15. Best value: 68.8088:  87%|########6 | 26/30 [41:07<06:29, 97.26s/it]Trial 26: {'temperature': 0.68, 'top_p': 0.72, 'top_k': 15, 'min_p': 0.0, 'presence_penalty': 1.7, 'repetition_penalty': 1.0, 'max_new_tokens': 512}
  -> f1_macro=64.57%, f1_micro=66.04%, score=65.67
