                                                                                    [32m[I 2026-05-10 23:50:57,891][0m Trial 26 finished with value: 65.66835901407579 and parameters: {'temperature': 0.68, 'top_p': 0.72, 'top_k': 15, 'presence_penalty': 1.7}. Best is trial 15 with value: 68.80881114333827.[0m
Best trial: 15. Best value: 68.8088:  87%|########6 | 26/30 [42:42<06:29, 97.26s/it]Best trial: 15. Best value: 68.8088:  87%|########6 | 26/30 [42:42<06:29, 97.26s/it]Best trial: 15. Best value: 68.8088:  90%|######### | 27/30 [42:42<04:50, 96.68s/it]Trial 27: {'temperature': 0.65, 'top_p': 0.72, 'top_k': 25, 'min_p': 0.0, 'presence_penalty': 1.9, 'repetition_penalty': 1.0, 'max_new_tokens': 512}
  -> f1_macro=64.71%, f1_micro=67.06%, score=66.48
                                                                                    [32m[I 2026-05-10 23:52:32,476][0m Trial 27 finished with value: 66.47561902721644 and parameters: {'temperature': 0.65, 'top_p': 0.72, 'top_k': 25, 'presence_penalty': 1.9}. Best is trial 15 with value: 68.80881114333827.[0m
Best trial: 15. Best value: 68.8088:  90%|######### | 27/30 [44:16<04:50, 96.68s/it]Best trial: 15. Best value: 68.8088:  90%|######### | 27/30 [44:16<04:50, 96.68s/it]Best trial: 15. Best value: 68.8088:  93%|#########3| 28/30 [44:16<03:12, 96.05s/it]Trial 28: {'temperature': 0.68, 'top_p': 0.8, 'top_k': 20, 'min_p': 0.0, 'presence_penalty': 2.1, 'repetition_penalty': 1.0, 'max_new_tokens': 512}
  -> f1_macro=65.73%, f1_micro=66.99%, score=66.68
                                                                                    [32m[I 2026-05-10 23:54:05,446][0m Trial 28 finished with value: 66.67527721450031 and parameters: {'temperature': 0.68, 'top_p': 0.8, 'top_k': 20, 'presence_penalty': 2.1}. Best is trial 15 with value: 68.80881114333827.[0m
Best trial: 15. Best value: 68.8088:  93%|#########3| 28/30 [45:49<03:12, 96.05s/it]Best trial: 15. Best value: 68.8088:  93%|#########3| 28/30 [45:49<03:12, 96.05s/it]Best trial: 15. Best value: 68.8088:  97%|#########6| 29/30 [45:49<01:35, 95.13s/it]Trial 29: {'temperature': 0.65, 'top_p': 0.75, 'top_k': 20, 'min_p': 0.0, 'presence_penalty': 1.8, 'repetition_penalty': 1.0, 'max_new_tokens': 512}
  -> f1_macro=66.94%, f1_micro=68.41%, score=68.04
                                                                                    [32m[I 2026-05-10 23:55:40,030][0m Trial 29 finished with value: 68.04150691175633 and parameters: {'temperature': 0.65, 'top_p': 0.75, 'top_k': 20, 'presence_penalty': 1.8}. Best is trial 15 with value: 68.80881114333827.[0m
Best trial: 15. Best value: 68.8088:  97%|#########6| 29/30 [47:24<01:35, 95.13s/it]Best trial: 15. Best value: 68.8088:  97%|#########6| 29/30 [47:24<01:35, 95.13s/it]Best trial: 15. Best value: 68.8088: 100%|##########| 30/30 [47:24<00:00, 94.96s/it]Best trial: 15. Best value: 68.8088: 100%|##########| 30/30 [47:24<00:00, 94.82s/it]

============================================================
Best trial: 15
Best score: 68.8088
Best params: {'temperature': 0.68, 'top_p': 0.72, 'top_k': 20, 'presence_penalty': 1.8}
============================================================

Best config saved: /workspace/Aspect-Based-Sentiment-Analysis-with-LLMs/distribucio-codi-i-dades-12-03-26/ABSA/outputs/optuna/optuna_absa_v6_best_region.chosen.json
Summary CSV saved: /workspace/Aspect-Based-Sentiment-Analysis-with-LLMs/distribucio-codi-i-dades-12-03-26/ABSA/outputs/optuna/optuna_absa_v6_best_region.summary.csv
